<?xml version="1.0" encoding="UTF-8"?>
<!-- Generated by org.testng.reporters.JUnitReportReporter -->
<testsuite hostname="DESKTOP-PSS8L4R" failures="0" tests="1" name="Login.Invetorypage" time="10.662" errors="0" timestamp="2025-10-28T09:22:30 IST" skipped="0">
  <testcase classname="Login.Invetorypage" name="verifyProductAddToCart" time="10.662"/>
</testsuite> <!-- Login.Invetorypage -->
