<?xml version="1.0" encoding="UTF-8"?>
<!-- Generated by org.testng.reporters.JUnitReportReporter -->
<testsuite hostname="DESKTOP-PSS8L4R" failures="0" tests="4" name="Login.Signin" time="45.626" errors="0" timestamp="2025-10-28T09:11:16 IST" skipped="0">
  <testcase classname="Login.Signin" name="loginTest" time="8.675"/>
  <testcase classname="Login.Signin" name="loginTest" time="11.623"/>
  <testcase classname="Login.Signin" name="loginTest" time="8.001"/>
  <testcase classname="Login.Signin" name="loginTest" time="17.327"/>
</testsuite> <!-- Login.Signin -->
